<?xml version="1.0" encoding="UTF-8"?>
<testsuite name="org.palestiner.flyingclubjournal.FlyingClubJournalApplicationTests" tests="1" skipped="0" failures="0" errors="0" timestamp="2022-01-08T08:01:07" hostname="LESTINER" time="0.475">
  <properties/>
  <testcase name="contextLoads()" classname="org.palestiner.flyingclubjournal.FlyingClubJournalApplicationTests" time="0.475"/>
  <system-out><![CDATA[15:00:27.143 [Test worker] DEBUG org.springframework.test.context.BootstrapUtils - Instantiating CacheAwareContextLoaderDelegate from class [org.springframework.test.context.cache.DefaultCacheAwareContextLoaderDelegate]
15:00:27.183 [Test worker] DEBUG org.springframework.test.context.BootstrapUtils - Instantiating BootstrapContext using constructor [public org.springframework.test.context.support.DefaultBootstrapContext(java.lang.Class,org.springframework.test.context.CacheAwareContextLoaderDelegate)]
15:00:27.287 [Test worker] DEBUG org.springframework.test.context.BootstrapUtils - Instantiating TestContextBootstrapper for test class [org.palestiner.flyingclubjournal.FlyingClubJournalApplicationTests] from class [org.springframework.boot.test.context.SpringBootTestContextBootstrapper]
15:00:27.325 [Test worker] INFO org.springframework.boot.test.context.SpringBootTestContextBootstrapper - Neither @ContextConfiguration nor @ContextHierarchy found for test class [org.palestiner.flyingclubjournal.FlyingClubJournalApplicationTests], using SpringBootContextLoader
15:00:27.339 [Test worker] DEBUG org.springframework.test.context.support.AbstractContextLoader - Did not detect default resource location for test class [org.palestiner.flyingclubjournal.FlyingClubJournalApplicationTests]: class path resource [org/palestiner/flyingclubjournal/FlyingClubJournalApplicationTests-context.xml] does not exist
15:00:27.340 [Test worker] DEBUG org.springframework.test.context.support.AbstractContextLoader - Did not detect default resource location for test class [org.palestiner.flyingclubjournal.FlyingClubJournalApplicationTests]: class path resource [org/palestiner/flyingclubjournal/FlyingClubJournalApplicationTestsContext.groovy] does not exist
15:00:27.341 [Test worker] INFO org.springframework.test.context.support.AbstractContextLoader - Could not detect default resource locations for test class [org.palestiner.flyingclubjournal.FlyingClubJournalApplicationTests]: no resource found for suffixes {-context.xml, Context.groovy}.
15:00:27.343 [Test worker] INFO org.springframework.test.context.support.AnnotationConfigContextLoaderUtils - Could not detect default configuration classes for test class [org.palestiner.flyingclubjournal.FlyingClubJournalApplicationTests]: FlyingClubJournalApplicationTests does not declare any static, non-private, non-final, nested classes annotated with @Configuration.
15:00:27.466 [Test worker] DEBUG org.springframework.test.context.support.ActiveProfilesUtils - Could not find an 'annotation declaring class' for annotation type [org.springframework.test.context.ActiveProfiles] and class [org.palestiner.flyingclubjournal.FlyingClubJournalApplicationTests]
15:00:27.620 [Test worker] DEBUG org.springframework.context.annotation.ClassPathScanningCandidateComponentProvider - Identified candidate component class: file [C:\Users\megap\flying-club-journal\build\classes\java\main\org\palestiner\flyingclubjournal\FlyingClubJournalApplication.class]
15:00:27.626 [Test worker] INFO org.springframework.boot.test.context.SpringBootTestContextBootstrapper - Found @SpringBootConfiguration org.palestiner.flyingclubjournal.FlyingClubJournalApplication for test class org.palestiner.flyingclubjournal.FlyingClubJournalApplicationTests
15:00:27.937 [Test worker] DEBUG org.springframework.boot.test.context.SpringBootTestContextBootstrapper - @TestExecutionListeners is not present for class [org.palestiner.flyingclubjournal.FlyingClubJournalApplicationTests]: using defaults.
15:00:27.938 [Test worker] INFO org.springframework.boot.test.context.SpringBootTestContextBootstrapper - Loaded default TestExecutionListener class names from location [META-INF/spring.factories]: [org.springframework.boot.test.autoconfigure.restdocs.RestDocsTestExecutionListener, org.springframework.boot.test.autoconfigure.web.client.MockRestServiceServerResetTestExecutionListener, org.springframework.boot.test.autoconfigure.web.servlet.MockMvcPrintOnlyOnFailureTestExecutionListener, org.springframework.boot.test.autoconfigure.web.servlet.WebDriverTestExecutionListener, org.springframework.boot.test.autoconfigure.webservices.client.MockWebServiceServerTestExecutionListener, org.springframework.boot.test.mock.mockito.MockitoTestExecutionListener, org.springframework.boot.test.mock.mockito.ResetMocksTestExecutionListener, org.springframework.test.context.web.ServletTestExecutionListener, org.springframework.test.context.support.DirtiesContextBeforeModesTestExecutionListener, org.springframework.test.context.event.ApplicationEventsTestExecutionListener, org.springframework.test.context.support.DependencyInjectionTestExecutionListener, org.springframework.test.context.support.DirtiesContextTestExecutionListener, org.springframework.test.context.transaction.TransactionalTestExecutionListener, org.springframework.test.context.jdbc.SqlScriptsTestExecutionListener, org.springframework.test.context.event.EventPublishingTestExecutionListener]
15:00:27.996 [Test worker] INFO org.springframework.boot.test.context.SpringBootTestContextBootstrapper - Using TestExecutionListeners: [org.springframework.test.context.web.ServletTestExecutionListener@740d2e78, org.springframework.test.context.support.DirtiesContextBeforeModesTestExecutionListener@1c481ff2, org.springframework.test.context.event.ApplicationEventsTestExecutionListener@72437d8d, org.springframework.boot.test.mock.mockito.MockitoTestExecutionListener@1b955cac, org.springframework.boot.test.autoconfigure.SpringBootDependencyInjectionTestExecutionListener@676cf48, org.springframework.test.context.support.DirtiesContextTestExecutionListener@5a1de7fb, org.springframework.test.context.transaction.TransactionalTestExecutionListener@335b5620, org.springframework.test.context.jdbc.SqlScriptsTestExecutionListener@29a0cdb, org.springframework.test.context.event.EventPublishingTestExecutionListener@32a68f4f, org.springframework.boot.test.autoconfigure.restdocs.RestDocsTestExecutionListener@73194df, org.springframework.boot.test.autoconfigure.web.client.MockRestServiceServerResetTestExecutionListener@6eb2384f, org.springframework.boot.test.autoconfigure.web.servlet.MockMvcPrintOnlyOnFailureTestExecutionListener@3c9c0d96, org.springframework.boot.test.autoconfigure.web.servlet.WebDriverTestExecutionListener@3a4621bd, org.springframework.boot.test.autoconfigure.webservices.client.MockWebServiceServerTestExecutionListener@31dadd46, org.springframework.boot.test.mock.mockito.ResetMocksTestExecutionListener@4ed5eb72]
15:00:28.008 [Test worker] DEBUG org.springframework.test.context.support.AbstractDirtiesContextTestExecutionListener - Before test class: context [DefaultTestContext@41709512 testClass = FlyingClubJournalApplicationTests, testInstance = [null], testMethod = [null], testException = [null], mergedContextConfiguration = [WebMergedContextConfiguration@42039326 testClass = FlyingClubJournalApplicationTests, locations = '{}', classes = '{class org.palestiner.flyingclubjournal.FlyingClubJournalApplication}', contextInitializerClasses = '[]', activeProfiles = '{}', propertySourceLocations = '{}', propertySourceProperties = '{org.springframework.boot.test.context.SpringBootTestContextBootstrapper=true}', contextCustomizers = set[org.springframework.boot.test.autoconfigure.actuate.metrics.MetricsExportContextCustomizerFactory$DisableMetricExportContextCustomizer@7ae0a9ec, org.springframework.boot.test.autoconfigure.properties.PropertyMappingContextCustomizer@0, org.springframework.boot.test.autoconfigure.web.servlet.WebDriverContextCustomizerFactory$Customizer@4f32a3ad, org.springframework.boot.test.context.filter.ExcludeFilterContextCustomizer@7d900ecf, org.springframework.boot.test.json.DuplicateJsonObjectContextCustomizerFactory$DuplicateJsonObjectContextCustomizer@1a245833, org.springframework.boot.test.mock.mockito.MockitoContextCustomizer@0, org.springframework.boot.test.web.client.TestRestTemplateContextCustomizer@480d3575, org.springframework.boot.test.context.SpringBootTestArgs@1, org.springframework.boot.test.context.SpringBootTestWebEnvironment@3e2e18f2], resourceBasePath = 'src/main/webapp', contextLoader = 'org.springframework.boot.test.context.SpringBootContextLoader', parent = [null]], attributes = map['org.springframework.test.context.web.ServletTestExecutionListener.activateListener' -> true]], class annotated with @DirtiesContext [false] with mode [null].
15:00:28.182 [Test worker] DEBUG org.springframework.boot.ApplicationServletEnvironment - Activating profiles []
15:00:28.199 [Test worker] DEBUG org.springframework.test.context.support.TestPropertySourceUtils - Adding inlined properties to environment: {spring.jmx.enabled=false, org.springframework.boot.test.context.SpringBootTestContextBootstrapper=true}

  .   ____          _            __ _ _
 /\\ / ___'_ __ _ _(_)_ __  __ _ \ \ \ \
( ( )\___ | '_ | '_| | '_ \/ _` | \ \ \ \
 \\/  ___)| |_)| | | | | || (_| |  ) ) ) )
  '  |____| .__|_| |_|_| |_\__, | / / / /
 =========|_|==============|___/=/_/_/_/
 :: Spring Boot ::                (v2.5.7)

2022-01-08 15:00:29.207  INFO 1648 --- [    Test worker] o.p.f.FlyingClubJournalApplicationTests  : Starting FlyingClubJournalApplicationTests using Java 1.8.0_282 on lestiner with PID 1648 (started by megap in C:\Users\megap\flying-club-journal)
2022-01-08 15:00:29.210  INFO 1648 --- [    Test worker] o.p.f.FlyingClubJournalApplicationTests  : No active profile set, falling back to default profiles: default
2022-01-08 15:00:33.945  INFO 1648 --- [    Test worker] .s.d.r.c.RepositoryConfigurationDelegate : Bootstrapping Spring Data Jmix repositories in DEFAULT mode.
2022-01-08 15:00:34.015  INFO 1648 --- [    Test worker] .s.d.r.c.RepositoryConfigurationDelegate : Finished Spring Data repository scanning in 52 ms. Found 0 Jmix repository interfaces.
2022-01-08 15:00:34.735  INFO 1648 --- [    Test worker] io.jmix.core.JmixModulesProcessor        : Using Jmix modules: [io.jmix.core, io.jmix.security, io.jmix.ui, io.jmix.securityui, io.jmix.data, io.jmix.eclipselink, io.jmix.localfs, io.jmix.securitydata, io.jmix.uidata, org.palestiner.flyingclubjournal]
2022-01-08 15:00:34.742  INFO 1648 --- [    Test worker] o.s.c.a.ConfigurationClassPostProcessor  : Cannot enhance @Configuration bean definition 'com.vaadin.spring.VaadinConfiguration' since its singleton instance has been created too early. The typical cause is a non-static @Bean method with a BeanDefinitionRegistryPostProcessor return type: Consider declaring such methods as 'static'.
2022-01-08 15:00:37.441  INFO 1648 --- [    Test worker] com.zaxxer.hikari.HikariDataSource       : HikariPool-1 - Starting...
2022-01-08 15:00:40.088  INFO 1648 --- [    Test worker] com.zaxxer.hikari.HikariDataSource       : HikariPool-1 - Start completed.
2022-01-08 15:00:43.127  INFO 1648 --- [    Test worker] liquibase.lockservice                    : Successfully acquired change log lock
2022-01-08 15:00:49.084  INFO 1648 --- [    Test worker] liquibase.changelog                      : Reading resource: org/palestiner/flyingclubjournal/liquibase/changelog/010-init-user.xml
2022-01-08 15:00:49.590  INFO 1648 --- [    Test worker] liquibase.changelog                      : Reading resource: org/palestiner/flyingclubjournal/liquibase/changelog/2021/12/11-010-1d23ec10.xml
2022-01-08 15:00:52.547  INFO 1648 --- [    Test worker] liquibase.changelog                      : Reading from public.databasechangelog
2022-01-08 15:00:54.287  INFO 1648 --- [    Test worker] liquibase.lockservice                    : Successfully released change log lock
2022-01-08 15:00:55.483  INFO 1648 --- [    Test worker] liquibase.lockservice                    : Successfully acquired change log lock
Skipping auto-registration
2022-01-08 15:00:55.619  WARN 1648 --- [    Test worker] liquibase.hub                            : Skipping auto-registration
2022-01-08 15:00:56.246  INFO 1648 --- [    Test worker] liquibase.lockservice                    : Successfully released change log lock
2022-01-08 15:00:57.399  INFO 1648 --- [    Test worker] i.j.c.i.s.JmixModulesClasspathScanner    : Classpath scan completed in 442 ms
2022-01-08 15:00:58.037  INFO 1648 --- [    Test worker] io.jmix.core.impl.MetadataLoader         : Metadata initialized in 280 ms
2022-01-08 15:00:58.803  INFO 1648 --- [    Test worker] o.s.o.j.p.PersistenceUnitReader          : persistence.xml should be located inside META-INF directory; cannot determine persistence unit root URL for class path resource [org/palestiner/flyingclubjournal/persistence.xml]
2022-01-08 15:01:00.085  INFO 1648 --- [    Test worker] i.j.d.impl.JmixEntityManagerFactoryBean  : Initialized JPA EntityManagerFactory for persistence unit 'main'
2022-01-08 15:01:05.149  INFO 1648 --- [    Test worker] i.j.a.u.v.JmixVaadinServletConfiguration : Servlet will be mapped to URLs [/vaadinServlet/*, /VAADIN/*]
2022-01-08 15:01:05.195  INFO 1648 --- [    Test worker] i.j.a.u.v.JmixVaadinServletConfiguration : Set servlet init parameter [productionMode] = [false]
2022-01-08 15:01:05.195  INFO 1648 --- [    Test worker] i.j.a.u.v.JmixVaadinServletConfiguration : Set servlet init parameter [resourceCacheTime] = [3600]
2022-01-08 15:01:05.195  INFO 1648 --- [    Test worker] i.j.a.u.v.JmixVaadinServletConfiguration : Set servlet init parameter [heartbeatInterval] = [300]
2022-01-08 15:01:05.196  INFO 1648 --- [    Test worker] i.j.a.u.v.JmixVaadinServletConfiguration : Set servlet init parameter [closeIdleSessions] = [false]
2022-01-08 15:01:06.433  INFO 1648 --- [    Test worker] o.s.s.web.DefaultSecurityFilterChain     : Will secure Or [Ant [pattern='/**']] with [org.springframework.security.web.context.request.async.WebAsyncManagerIntegrationFilter@2abb4810, org.springframework.security.web.context.SecurityContextPersistenceFilter@cc64e22, org.springframework.security.web.header.HeaderWriterFilter@314e2b4b, org.springframework.security.web.authentication.logout.LogoutFilter@38b7b02f, org.springframework.security.web.session.ConcurrentSessionFilter@b92cdf9, org.springframework.security.web.savedrequest.RequestCacheAwareFilter@4ba62429, org.springframework.security.web.servletapi.SecurityContextHolderAwareRequestFilter@5563630d, org.springframework.security.web.authentication.rememberme.RememberMeAuthenticationFilter@59d64b60, org.springframework.security.web.authentication.AnonymousAuthenticationFilter@44d83a12, org.springframework.security.web.session.SessionManagementFilter@42cb8174, org.springframework.security.web.access.ExceptionTranslationFilter@4b13aca4, org.springframework.security.web.access.intercept.FilterSecurityInterceptor@1bdf7cd4]
2022-01-08 15:01:06.632  INFO 1648 --- [    Test worker] i.j.a.u.v.JmixVaadinServletConfiguration : Forwarding @SpringUI URLs from {/=org.springframework.web.servlet.mvc.ServletForwardingController@53e7dfc4}
2022-01-08 15:01:07.379  INFO 1648 --- [    Test worker] io.jmix.ui.sys.WebJarResourceResolver    : Loaded 376 WebJAR paths in 14 ms
2022-01-08 15:01:07.544  INFO 1648 --- [    Test worker] o.p.f.FlyingClubJournalApplicationTests  : Started FlyingClubJournalApplicationTests in 39.341 seconds (JVM running for 42.747)
2022-01-08 15:01:07.546  INFO 1648 --- [    Test worker] o.p.f.FlyingClubJournalApplication       : Application started at http://localhost:null
]]></system-out>
  <system-err><![CDATA[]]></system-err>
</testsuite>
