<?xml version="1.0" encoding="UTF-8"?>
<testsuite name="org.palestiner.flyingclubjournal.FlyingClubJournalApplicationTests" tests="1" skipped="0" failures="0" errors="0" timestamp="2022-01-14T10:28:06" hostname="LESTINER" time="0.355">
  <properties/>
  <testcase name="contextLoads()" classname="org.palestiner.flyingclubjournal.FlyingClubJournalApplicationTests" time="0.355"/>
  <system-out><![CDATA[17:27:37.973 [Test worker] DEBUG org.springframework.test.context.BootstrapUtils - Instantiating CacheAwareContextLoaderDelegate from class [org.springframework.test.context.cache.DefaultCacheAwareContextLoaderDelegate]
17:27:37.989 [Test worker] DEBUG org.springframework.test.context.BootstrapUtils - Instantiating BootstrapContext using constructor [public org.springframework.test.context.support.DefaultBootstrapContext(java.lang.Class,org.springframework.test.context.CacheAwareContextLoaderDelegate)]
17:27:38.033 [Test worker] DEBUG org.springframework.test.context.BootstrapUtils - Instantiating TestContextBootstrapper for test class [org.palestiner.flyingclubjournal.FlyingClubJournalApplicationTests] from class [org.springframework.boot.test.context.SpringBootTestContextBootstrapper]
17:27:38.048 [Test worker] INFO org.springframework.boot.test.context.SpringBootTestContextBootstrapper - Neither @ContextConfiguration nor @ContextHierarchy found for test class [org.palestiner.flyingclubjournal.FlyingClubJournalApplicationTests], using SpringBootContextLoader
17:27:38.053 [Test worker] DEBUG org.springframework.test.context.support.AbstractContextLoader - Did not detect default resource location for test class [org.palestiner.flyingclubjournal.FlyingClubJournalApplicationTests]: class path resource [org/palestiner/flyingclubjournal/FlyingClubJournalApplicationTests-context.xml] does not exist
17:27:38.054 [Test worker] DEBUG org.springframework.test.context.support.AbstractContextLoader - Did not detect default resource location for test class [org.palestiner.flyingclubjournal.FlyingClubJournalApplicationTests]: class path resource [org/palestiner/flyingclubjournal/FlyingClubJournalApplicationTestsContext.groovy] does not exist
17:27:38.054 [Test worker] INFO org.springframework.test.context.support.AbstractContextLoader - Could not detect default resource locations for test class [org.palestiner.flyingclubjournal.FlyingClubJournalApplicationTests]: no resource found for suffixes {-context.xml, Context.groovy}.
17:27:38.055 [Test worker] INFO org.springframework.test.context.support.AnnotationConfigContextLoaderUtils - Could not detect default configuration classes for test class [org.palestiner.flyingclubjournal.FlyingClubJournalApplicationTests]: FlyingClubJournalApplicationTests does not declare any static, non-private, non-final, nested classes annotated with @Configuration.
17:27:38.114 [Test worker] DEBUG org.springframework.test.context.support.ActiveProfilesUtils - Could not find an 'annotation declaring class' for annotation type [org.springframework.test.context.ActiveProfiles] and class [org.palestiner.flyingclubjournal.FlyingClubJournalApplicationTests]
17:27:38.207 [Test worker] DEBUG org.springframework.context.annotation.ClassPathScanningCandidateComponentProvider - Identified candidate component class: file [C:\Users\megap\flying-club-journal\build\classes\java\main\org\palestiner\flyingclubjournal\FlyingClubJournalApplication.class]
17:27:38.210 [Test worker] INFO org.springframework.boot.test.context.SpringBootTestContextBootstrapper - Found @SpringBootConfiguration org.palestiner.flyingclubjournal.FlyingClubJournalApplication for test class org.palestiner.flyingclubjournal.FlyingClubJournalApplicationTests
17:27:38.341 [Test worker] DEBUG org.springframework.boot.test.context.SpringBootTestContextBootstrapper - @TestExecutionListeners is not present for class [org.palestiner.flyingclubjournal.FlyingClubJournalApplicationTests]: using defaults.
17:27:38.342 [Test worker] INFO org.springframework.boot.test.context.SpringBootTestContextBootstrapper - Loaded default TestExecutionListener class names from location [META-INF/spring.factories]: [org.springframework.boot.test.autoconfigure.restdocs.RestDocsTestExecutionListener, org.springframework.boot.test.autoconfigure.web.client.MockRestServiceServerResetTestExecutionListener, org.springframework.boot.test.autoconfigure.web.servlet.MockMvcPrintOnlyOnFailureTestExecutionListener, org.springframework.boot.test.autoconfigure.web.servlet.WebDriverTestExecutionListener, org.springframework.boot.test.autoconfigure.webservices.client.MockWebServiceServerTestExecutionListener, org.springframework.boot.test.mock.mockito.MockitoTestExecutionListener, org.springframework.boot.test.mock.mockito.ResetMocksTestExecutionListener, org.springframework.test.context.web.ServletTestExecutionListener, org.springframework.test.context.support.DirtiesContextBeforeModesTestExecutionListener, org.springframework.test.context.event.ApplicationEventsTestExecutionListener, org.springframework.test.context.support.DependencyInjectionTestExecutionListener, org.springframework.test.context.support.DirtiesContextTestExecutionListener, org.springframework.test.context.transaction.TransactionalTestExecutionListener, org.springframework.test.context.jdbc.SqlScriptsTestExecutionListener, org.springframework.test.context.event.EventPublishingTestExecutionListener]
17:27:38.366 [Test worker] INFO org.springframework.boot.test.context.SpringBootTestContextBootstrapper - Using TestExecutionListeners: [org.springframework.test.context.web.ServletTestExecutionListener@177bea38, org.springframework.test.context.support.DirtiesContextBeforeModesTestExecutionListener@7f132176, org.springframework.test.context.event.ApplicationEventsTestExecutionListener@6bca7e0d, org.springframework.boot.test.mock.mockito.MockitoTestExecutionListener@2631f68c, org.springframework.boot.test.autoconfigure.SpringBootDependencyInjectionTestExecutionListener@6ed3f258, org.springframework.test.context.support.DirtiesContextTestExecutionListener@8ad6665, org.springframework.test.context.transaction.TransactionalTestExecutionListener@30af5b6b, org.springframework.test.context.jdbc.SqlScriptsTestExecutionListener@19835e64, org.springframework.test.context.event.EventPublishingTestExecutionListener@68b32e3e, org.springframework.boot.test.autoconfigure.restdocs.RestDocsTestExecutionListener@bcef303, org.springframework.boot.test.autoconfigure.web.client.MockRestServiceServerResetTestExecutionListener@41709512, org.springframework.boot.test.autoconfigure.web.servlet.MockMvcPrintOnlyOnFailureTestExecutionListener@42039326, org.springframework.boot.test.autoconfigure.web.servlet.WebDriverTestExecutionListener@33308786, org.springframework.boot.test.autoconfigure.webservices.client.MockWebServiceServerTestExecutionListener@4f9a2c08, org.springframework.boot.test.mock.mockito.ResetMocksTestExecutionListener@a87f8ec]
17:27:38.371 [Test worker] DEBUG org.springframework.test.context.support.AbstractDirtiesContextTestExecutionListener - Before test class: context [DefaultTestContext@53de625d testClass = FlyingClubJournalApplicationTests, testInstance = [null], testMethod = [null], testException = [null], mergedContextConfiguration = [WebMergedContextConfiguration@535779e4 testClass = FlyingClubJournalApplicationTests, locations = '{}', classes = '{class org.palestiner.flyingclubjournal.FlyingClubJournalApplication}', contextInitializerClasses = '[]', activeProfiles = '{}', propertySourceLocations = '{}', propertySourceProperties = '{org.springframework.boot.test.context.SpringBootTestContextBootstrapper=true}', contextCustomizers = set[org.springframework.boot.test.autoconfigure.actuate.metrics.MetricsExportContextCustomizerFactory$DisableMetricExportContextCustomizer@72bc6553, org.springframework.boot.test.autoconfigure.properties.PropertyMappingContextCustomizer@0, org.springframework.boot.test.autoconfigure.web.servlet.WebDriverContextCustomizerFactory$Customizer@239a307b, org.springframework.boot.test.context.filter.ExcludeFilterContextCustomizer@5745ca0e, org.springframework.boot.test.json.DuplicateJsonObjectContextCustomizerFactory$DuplicateJsonObjectContextCustomizer@17bffc17, org.springframework.boot.test.mock.mockito.MockitoContextCustomizer@0, org.springframework.boot.test.web.client.TestRestTemplateContextCustomizer@6a8658ff, org.springframework.boot.test.context.SpringBootTestArgs@1, org.springframework.boot.test.context.SpringBootTestWebEnvironment@2667f029], resourceBasePath = 'src/main/webapp', contextLoader = 'org.springframework.boot.test.context.SpringBootContextLoader', parent = [null]], attributes = map['org.springframework.test.context.web.ServletTestExecutionListener.activateListener' -> true]], class annotated with @DirtiesContext [false] with mode [null].
17:27:38.433 [Test worker] DEBUG org.springframework.boot.ApplicationServletEnvironment - Activating profiles []
17:27:38.436 [Test worker] DEBUG org.springframework.test.context.support.TestPropertySourceUtils - Adding inlined properties to environment: {spring.jmx.enabled=false, org.springframework.boot.test.context.SpringBootTestContextBootstrapper=true}

  .   ____          _            __ _ _
 /\\ / ___'_ __ _ _(_)_ __  __ _ \ \ \ \
( ( )\___ | '_ | '_| | '_ \/ _` | \ \ \ \
 \\/  ___)| |_)| | | | | || (_| |  ) ) ) )
  '  |____| .__|_| |_|_| |_\__, | / / / /
 =========|_|==============|___/=/_/_/_/
 :: Spring Boot ::                (v2.5.7)

2022-01-14 17:27:38.790  INFO 8552 --- [    Test worker] o.p.f.FlyingClubJournalApplicationTests  : Starting FlyingClubJournalApplicationTests using Java 1.8.0_282 on lestiner with PID 8552 (started by megap in C:\Users\megap\flying-club-journal)
2022-01-14 17:27:38.791  INFO 8552 --- [    Test worker] o.p.f.FlyingClubJournalApplicationTests  : No active profile set, falling back to default profiles: default
2022-01-14 17:27:41.531  INFO 8552 --- [    Test worker] .s.d.r.c.RepositoryConfigurationDelegate : Bootstrapping Spring Data Jmix repositories in DEFAULT mode.
2022-01-14 17:27:41.575  INFO 8552 --- [    Test worker] .s.d.r.c.RepositoryConfigurationDelegate : Finished Spring Data repository scanning in 39 ms. Found 0 Jmix repository interfaces.
2022-01-14 17:27:42.075  INFO 8552 --- [    Test worker] io.jmix.core.JmixModulesProcessor        : Using Jmix modules: [io.jmix.core, io.jmix.security, io.jmix.ui, io.jmix.securityui, io.jmix.data, io.jmix.eclipselink, io.jmix.localfs, io.jmix.securitydata, io.jmix.uidata, io.jmix.uiexport, org.palestiner.flyingclubjournal]
2022-01-14 17:27:42.081  INFO 8552 --- [    Test worker] o.s.c.a.ConfigurationClassPostProcessor  : Cannot enhance @Configuration bean definition 'com.vaadin.spring.VaadinConfiguration' since its singleton instance has been created too early. The typical cause is a non-static @Bean method with a BeanDefinitionRegistryPostProcessor return type: Consider declaring such methods as 'static'.
2022-01-14 17:27:43.905  INFO 8552 --- [    Test worker] com.zaxxer.hikari.HikariDataSource       : HikariPool-1 - Starting...
2022-01-14 17:27:45.370  INFO 8552 --- [    Test worker] com.zaxxer.hikari.HikariDataSource       : HikariPool-1 - Start completed.
2022-01-14 17:27:47.123  INFO 8552 --- [    Test worker] liquibase.lockservice                    : Successfully acquired change log lock
2022-01-14 17:27:53.766  INFO 8552 --- [    Test worker] liquibase.changelog                      : Reading resource: org/palestiner/flyingclubjournal/liquibase/changelog/010-init-user.xml
2022-01-14 17:27:54.084  INFO 8552 --- [    Test worker] liquibase.changelog                      : Reading resource: org/palestiner/flyingclubjournal/liquibase/changelog/2021/12/11-010-1d23ec10.xml
2022-01-14 17:27:54.437  INFO 8552 --- [    Test worker] liquibase.changelog                      : Reading resource: org/palestiner/flyingclubjournal/liquibase/changelog/2022/01/10-010-0da509e2.xml
2022-01-14 17:27:54.749  INFO 8552 --- [    Test worker] liquibase.changelog                      : Reading resource: org/palestiner/flyingclubjournal/liquibase/changelog/2022/01/12-020-0da509e2.xml
2022-01-14 17:27:55.027  INFO 8552 --- [    Test worker] liquibase.changelog                      : Reading resource: org/palestiner/flyingclubjournal/liquibase/changelog/2022/01/12-030-0da509e2.xml
2022-01-14 17:27:56.763  INFO 8552 --- [    Test worker] liquibase.changelog                      : Reading from public.databasechangelog
2022-01-14 17:27:57.640  INFO 8552 --- [    Test worker] liquibase.lockservice                    : Successfully released change log lock
2022-01-14 17:27:58.309  INFO 8552 --- [    Test worker] liquibase.lockservice                    : Successfully acquired change log lock
Skipping auto-registration
2022-01-14 17:27:58.419  WARN 8552 --- [    Test worker] liquibase.hub                            : Skipping auto-registration
2022-01-14 17:27:58.865  INFO 8552 --- [    Test worker] liquibase.lockservice                    : Successfully released change log lock
2022-01-14 17:27:59.475  INFO 8552 --- [    Test worker] i.j.c.i.s.JmixModulesClasspathScanner    : Classpath scan completed in 264 ms
2022-01-14 17:27:59.874  INFO 8552 --- [    Test worker] io.jmix.core.impl.MetadataLoader         : Metadata initialized in 168 ms
2022-01-14 17:28:00.369  INFO 8552 --- [    Test worker] o.s.o.j.p.PersistenceUnitReader          : persistence.xml should be located inside META-INF directory; cannot determine persistence unit root URL for class path resource [org/palestiner/flyingclubjournal/persistence.xml]
2022-01-14 17:28:01.149  INFO 8552 --- [    Test worker] i.j.d.impl.JmixEntityManagerFactoryBean  : Initialized JPA EntityManagerFactory for persistence unit 'main'
2022-01-14 17:28:04.781  INFO 8552 --- [    Test worker] i.j.a.u.v.JmixVaadinServletConfiguration : Servlet will be mapped to URLs [/vaadinServlet/*, /VAADIN/*]
2022-01-14 17:28:04.825  INFO 8552 --- [    Test worker] i.j.a.u.v.JmixVaadinServletConfiguration : Set servlet init parameter [productionMode] = [false]
2022-01-14 17:28:04.825  INFO 8552 --- [    Test worker] i.j.a.u.v.JmixVaadinServletConfiguration : Set servlet init parameter [resourceCacheTime] = [3600]
2022-01-14 17:28:04.825  INFO 8552 --- [    Test worker] i.j.a.u.v.JmixVaadinServletConfiguration : Set servlet init parameter [heartbeatInterval] = [300]
2022-01-14 17:28:04.825  INFO 8552 --- [    Test worker] i.j.a.u.v.JmixVaadinServletConfiguration : Set servlet init parameter [closeIdleSessions] = [false]
2022-01-14 17:28:05.799  INFO 8552 --- [    Test worker] o.s.s.web.DefaultSecurityFilterChain     : Will secure Or [Ant [pattern='/**']] with [org.springframework.security.web.context.request.async.WebAsyncManagerIntegrationFilter@2149532d, org.springframework.security.web.context.SecurityContextPersistenceFilter@6000b869, org.springframework.security.web.header.HeaderWriterFilter@4adfb1f, org.springframework.security.web.authentication.logout.LogoutFilter@20c3f386, org.springframework.security.web.session.ConcurrentSessionFilter@5ecd22e7, org.springframework.security.web.savedrequest.RequestCacheAwareFilter@63be03c8, org.springframework.security.web.servletapi.SecurityContextHolderAwareRequestFilter@21975a54, org.springframework.security.web.authentication.rememberme.RememberMeAuthenticationFilter@1f7286d5, org.springframework.security.web.authentication.AnonymousAuthenticationFilter@3b21b0f5, org.springframework.security.web.session.SessionManagementFilter@72584c3f, org.springframework.security.web.access.ExceptionTranslationFilter@4d696bac, org.springframework.security.web.access.intercept.FilterSecurityInterceptor@39b58f7d]
2022-01-14 17:28:05.962  INFO 8552 --- [    Test worker] i.j.a.u.v.JmixVaadinServletConfiguration : Forwarding @SpringUI URLs from {/=org.springframework.web.servlet.mvc.ServletForwardingController@73021987}
2022-01-14 17:28:06.583  INFO 8552 --- [    Test worker] io.jmix.ui.sys.WebJarResourceResolver    : Loaded 376 WebJAR paths in 8 ms
2022-01-14 17:28:06.717  INFO 8552 --- [    Test worker] o.p.f.FlyingClubJournalApplicationTests  : Started FlyingClubJournalApplicationTests in 28.279 seconds (JVM running for 29.721)
2022-01-14 17:28:06.718  INFO 8552 --- [    Test worker] o.p.f.FlyingClubJournalApplication       : Application started at http://localhost:null
]]></system-out>
  <system-err><![CDATA[]]></system-err>
</testsuite>
