<?xml version="1.0" encoding="UTF-8"?>
<testsuite name="org.palestiner.flyingclubjournal.FlyingClubJournalApplicationTests" tests="1" skipped="0" failures="0" errors="0" timestamp="2022-01-12T11:56:36" hostname="LESTINER" time="0.406">
  <properties/>
  <testcase name="contextLoads()" classname="org.palestiner.flyingclubjournal.FlyingClubJournalApplicationTests" time="0.406"/>
  <system-out><![CDATA[18:55:51.449 [Test worker] DEBUG org.springframework.test.context.BootstrapUtils - Instantiating CacheAwareContextLoaderDelegate from class [org.springframework.test.context.cache.DefaultCacheAwareContextLoaderDelegate]
18:55:51.476 [Test worker] DEBUG org.springframework.test.context.BootstrapUtils - Instantiating BootstrapContext using constructor [public org.springframework.test.context.support.DefaultBootstrapContext(java.lang.Class,org.springframework.test.context.CacheAwareContextLoaderDelegate)]
18:55:51.549 [Test worker] DEBUG org.springframework.test.context.BootstrapUtils - Instantiating TestContextBootstrapper for test class [org.palestiner.flyingclubjournal.FlyingClubJournalApplicationTests] from class [org.springframework.boot.test.context.SpringBootTestContextBootstrapper]
18:55:51.576 [Test worker] INFO org.springframework.boot.test.context.SpringBootTestContextBootstrapper - Neither @ContextConfiguration nor @ContextHierarchy found for test class [org.palestiner.flyingclubjournal.FlyingClubJournalApplicationTests], using SpringBootContextLoader
18:55:51.584 [Test worker] DEBUG org.springframework.test.context.support.AbstractContextLoader - Did not detect default resource location for test class [org.palestiner.flyingclubjournal.FlyingClubJournalApplicationTests]: class path resource [org/palestiner/flyingclubjournal/FlyingClubJournalApplicationTests-context.xml] does not exist
18:55:51.585 [Test worker] DEBUG org.springframework.test.context.support.AbstractContextLoader - Did not detect default resource location for test class [org.palestiner.flyingclubjournal.FlyingClubJournalApplicationTests]: class path resource [org/palestiner/flyingclubjournal/FlyingClubJournalApplicationTestsContext.groovy] does not exist
18:55:51.585 [Test worker] INFO org.springframework.test.context.support.AbstractContextLoader - Could not detect default resource locations for test class [org.palestiner.flyingclubjournal.FlyingClubJournalApplicationTests]: no resource found for suffixes {-context.xml, Context.groovy}.
18:55:51.587 [Test worker] INFO org.springframework.test.context.support.AnnotationConfigContextLoaderUtils - Could not detect default configuration classes for test class [org.palestiner.flyingclubjournal.FlyingClubJournalApplicationTests]: FlyingClubJournalApplicationTests does not declare any static, non-private, non-final, nested classes annotated with @Configuration.
18:55:51.691 [Test worker] DEBUG org.springframework.test.context.support.ActiveProfilesUtils - Could not find an 'annotation declaring class' for annotation type [org.springframework.test.context.ActiveProfiles] and class [org.palestiner.flyingclubjournal.FlyingClubJournalApplicationTests]
18:55:51.825 [Test worker] DEBUG org.springframework.context.annotation.ClassPathScanningCandidateComponentProvider - Identified candidate component class: file [C:\Users\megap\flying-club-journal\build\classes\java\main\org\palestiner\flyingclubjournal\FlyingClubJournalApplication.class]
18:55:51.830 [Test worker] INFO org.springframework.boot.test.context.SpringBootTestContextBootstrapper - Found @SpringBootConfiguration org.palestiner.flyingclubjournal.FlyingClubJournalApplication for test class org.palestiner.flyingclubjournal.FlyingClubJournalApplicationTests
18:55:52.030 [Test worker] DEBUG org.springframework.boot.test.context.SpringBootTestContextBootstrapper - @TestExecutionListeners is not present for class [org.palestiner.flyingclubjournal.FlyingClubJournalApplicationTests]: using defaults.
18:55:52.032 [Test worker] INFO org.springframework.boot.test.context.SpringBootTestContextBootstrapper - Loaded default TestExecutionListener class names from location [META-INF/spring.factories]: [org.springframework.boot.test.autoconfigure.restdocs.RestDocsTestExecutionListener, org.springframework.boot.test.autoconfigure.web.client.MockRestServiceServerResetTestExecutionListener, org.springframework.boot.test.autoconfigure.web.servlet.MockMvcPrintOnlyOnFailureTestExecutionListener, org.springframework.boot.test.autoconfigure.web.servlet.WebDriverTestExecutionListener, org.springframework.boot.test.autoconfigure.webservices.client.MockWebServiceServerTestExecutionListener, org.springframework.boot.test.mock.mockito.MockitoTestExecutionListener, org.springframework.boot.test.mock.mockito.ResetMocksTestExecutionListener, org.springframework.test.context.web.ServletTestExecutionListener, org.springframework.test.context.support.DirtiesContextBeforeModesTestExecutionListener, org.springframework.test.context.event.ApplicationEventsTestExecutionListener, org.springframework.test.context.support.DependencyInjectionTestExecutionListener, org.springframework.test.context.support.DirtiesContextTestExecutionListener, org.springframework.test.context.transaction.TransactionalTestExecutionListener, org.springframework.test.context.jdbc.SqlScriptsTestExecutionListener, org.springframework.test.context.event.EventPublishingTestExecutionListener]
18:55:52.073 [Test worker] INFO org.springframework.boot.test.context.SpringBootTestContextBootstrapper - Using TestExecutionListeners: [org.springframework.test.context.web.ServletTestExecutionListener@740d2e78, org.springframework.test.context.support.DirtiesContextBeforeModesTestExecutionListener@1c481ff2, org.springframework.test.context.event.ApplicationEventsTestExecutionListener@72437d8d, org.springframework.boot.test.mock.mockito.MockitoTestExecutionListener@1b955cac, org.springframework.boot.test.autoconfigure.SpringBootDependencyInjectionTestExecutionListener@676cf48, org.springframework.test.context.support.DirtiesContextTestExecutionListener@5a1de7fb, org.springframework.test.context.transaction.TransactionalTestExecutionListener@335b5620, org.springframework.test.context.jdbc.SqlScriptsTestExecutionListener@29a0cdb, org.springframework.test.context.event.EventPublishingTestExecutionListener@32a68f4f, org.springframework.boot.test.autoconfigure.restdocs.RestDocsTestExecutionListener@73194df, org.springframework.boot.test.autoconfigure.web.client.MockRestServiceServerResetTestExecutionListener@6eb2384f, org.springframework.boot.test.autoconfigure.web.servlet.MockMvcPrintOnlyOnFailureTestExecutionListener@3c9c0d96, org.springframework.boot.test.autoconfigure.web.servlet.WebDriverTestExecutionListener@3a4621bd, org.springframework.boot.test.autoconfigure.webservices.client.MockWebServiceServerTestExecutionListener@31dadd46, org.springframework.boot.test.mock.mockito.ResetMocksTestExecutionListener@4ed5eb72]
18:55:52.081 [Test worker] DEBUG org.springframework.test.context.support.AbstractDirtiesContextTestExecutionListener - Before test class: context [DefaultTestContext@41709512 testClass = FlyingClubJournalApplicationTests, testInstance = [null], testMethod = [null], testException = [null], mergedContextConfiguration = [WebMergedContextConfiguration@42039326 testClass = FlyingClubJournalApplicationTests, locations = '{}', classes = '{class org.palestiner.flyingclubjournal.FlyingClubJournalApplication}', contextInitializerClasses = '[]', activeProfiles = '{}', propertySourceLocations = '{}', propertySourceProperties = '{org.springframework.boot.test.context.SpringBootTestContextBootstrapper=true}', contextCustomizers = set[org.springframework.boot.test.autoconfigure.actuate.metrics.MetricsExportContextCustomizerFactory$DisableMetricExportContextCustomizer@7ae0a9ec, org.springframework.boot.test.autoconfigure.properties.PropertyMappingContextCustomizer@0, org.springframework.boot.test.autoconfigure.web.servlet.WebDriverContextCustomizerFactory$Customizer@4f32a3ad, org.springframework.boot.test.context.filter.ExcludeFilterContextCustomizer@7d900ecf, org.springframework.boot.test.json.DuplicateJsonObjectContextCustomizerFactory$DuplicateJsonObjectContextCustomizer@1a245833, org.springframework.boot.test.mock.mockito.MockitoContextCustomizer@0, org.springframework.boot.test.web.client.TestRestTemplateContextCustomizer@480d3575, org.springframework.boot.test.context.SpringBootTestArgs@1, org.springframework.boot.test.context.SpringBootTestWebEnvironment@3e2e18f2], resourceBasePath = 'src/main/webapp', contextLoader = 'org.springframework.boot.test.context.SpringBootContextLoader', parent = [null]], attributes = map['org.springframework.test.context.web.ServletTestExecutionListener.activateListener' -> true]], class annotated with @DirtiesContext [false] with mode [null].
18:55:52.170 [Test worker] DEBUG org.springframework.boot.ApplicationServletEnvironment - Activating profiles []
18:55:52.177 [Test worker] DEBUG org.springframework.test.context.support.TestPropertySourceUtils - Adding inlined properties to environment: {spring.jmx.enabled=false, org.springframework.boot.test.context.SpringBootTestContextBootstrapper=true}

  .   ____          _            __ _ _
 /\\ / ___'_ __ _ _(_)_ __  __ _ \ \ \ \
( ( )\___ | '_ | '_| | '_ \/ _` | \ \ \ \
 \\/  ___)| |_)| | | | | || (_| |  ) ) ) )
  '  |____| .__|_| |_|_| |_\__, | / / / /
 =========|_|==============|___/=/_/_/_/
 :: Spring Boot ::                (v2.5.7)

2022-01-12 18:55:52.723  INFO 16432 --- [    Test worker] o.p.f.FlyingClubJournalApplicationTests  : Starting FlyingClubJournalApplicationTests using Java 1.8.0_282 on lestiner with PID 16432 (started by megap in C:\Users\megap\flying-club-journal)
2022-01-12 18:55:52.725  INFO 16432 --- [    Test worker] o.p.f.FlyingClubJournalApplicationTests  : No active profile set, falling back to default profiles: default
2022-01-12 18:55:56.324  INFO 16432 --- [    Test worker] .s.d.r.c.RepositoryConfigurationDelegate : Bootstrapping Spring Data Jmix repositories in DEFAULT mode.
2022-01-12 18:55:56.373  INFO 16432 --- [    Test worker] .s.d.r.c.RepositoryConfigurationDelegate : Finished Spring Data repository scanning in 40 ms. Found 0 Jmix repository interfaces.
2022-01-12 18:55:57.049  INFO 16432 --- [    Test worker] io.jmix.core.JmixModulesProcessor        : Using Jmix modules: [io.jmix.core, io.jmix.security, io.jmix.ui, io.jmix.securityui, io.jmix.data, io.jmix.eclipselink, io.jmix.localfs, io.jmix.securitydata, io.jmix.uidata, org.palestiner.flyingclubjournal]
2022-01-12 18:55:57.056  INFO 16432 --- [    Test worker] o.s.c.a.ConfigurationClassPostProcessor  : Cannot enhance @Configuration bean definition 'com.vaadin.spring.VaadinConfiguration' since its singleton instance has been created too early. The typical cause is a non-static @Bean method with a BeanDefinitionRegistryPostProcessor return type: Consider declaring such methods as 'static'.
2022-01-12 18:55:59.186  INFO 16432 --- [    Test worker] com.zaxxer.hikari.HikariDataSource       : HikariPool-1 - Starting...
2022-01-12 18:56:01.621  INFO 16432 --- [    Test worker] com.zaxxer.hikari.HikariDataSource       : HikariPool-1 - Start completed.
2022-01-12 18:56:04.374  INFO 16432 --- [    Test worker] liquibase.lockservice                    : Successfully acquired change log lock
2022-01-12 18:56:09.373  INFO 16432 --- [    Test worker] liquibase.changelog                      : Reading resource: org/palestiner/flyingclubjournal/liquibase/changelog/010-init-user.xml
2022-01-12 18:56:09.793  INFO 16432 --- [    Test worker] liquibase.changelog                      : Reading resource: org/palestiner/flyingclubjournal/liquibase/changelog/2021/12/11-010-1d23ec10.xml
2022-01-12 18:56:10.273  INFO 16432 --- [    Test worker] liquibase.changelog                      : Reading resource: org/palestiner/flyingclubjournal/liquibase/changelog/2022/01/10-010-0da509e2.xml
2022-01-12 18:56:10.637  INFO 16432 --- [    Test worker] liquibase.changelog                      : Reading resource: org/palestiner/flyingclubjournal/liquibase/changelog/2022/01/12-020-0da509e2.xml
2022-01-12 18:56:11.075  INFO 16432 --- [    Test worker] liquibase.changelog                      : Reading resource: org/palestiner/flyingclubjournal/liquibase/changelog/2022/01/12-030-0da509e2.xml
2022-01-12 18:56:13.793  INFO 16432 --- [    Test worker] liquibase.changelog                      : Reading from public.databasechangelog
2022-01-12 18:56:15.921  INFO 16432 --- [    Test worker] liquibase.lockservice                    : Successfully released change log lock
2022-01-12 18:56:17.150  INFO 16432 --- [    Test worker] liquibase.lockservice                    : Successfully acquired change log lock
Skipping auto-registration
2022-01-12 18:56:17.356  WARN 16432 --- [    Test worker] liquibase.hub                            : Skipping auto-registration
2022-01-12 18:56:17.969  INFO 16432 --- [    Test worker] liquibase.changelog                      : Column FLIGHT_TYPE.VALUE_ dropped
2022-01-12 18:56:18.174  INFO 16432 --- [    Test worker] liquibase.changelog                      : ChangeSet org/palestiner/flyingclubjournal/liquibase/changelog/2022/01/10-010-0da509e2.xml::1::flying-club-journal ran successfully in 806ms
2022-01-12 18:56:19.198  INFO 16432 --- [    Test worker] liquibase.changelog                      : Columns VALUE_(DOUBLE) added to FLIGHT_TYPE
2022-01-12 18:56:19.325  INFO 16432 --- [    Test worker] liquibase.changelog                      : ChangeSet org/palestiner/flyingclubjournal/liquibase/changelog/2022/01/10-010-0da509e2.xml::2::flying-club-journal ran successfully in 534ms
2022-01-12 18:56:20.119  INFO 16432 --- [    Test worker] liquibase.changelog                      : Columns MONEY_ID(UUID) added to FIGHT_ACCOUNTING
2022-01-12 18:56:20.325  INFO 16432 --- [    Test worker] liquibase.changelog                      : ChangeSet org/palestiner/flyingclubjournal/liquibase/changelog/2022/01/12-020-0da509e2.xml::1::flying-club-journal ran successfully in 612ms
2022-01-12 18:56:21.145  INFO 16432 --- [    Test worker] liquibase.changelog                      : Foreign key constraint added to FIGHT_ACCOUNTING (MONEY_ID)
2022-01-12 18:56:21.349  INFO 16432 --- [    Test worker] liquibase.changelog                      : ChangeSet org/palestiner/flyingclubjournal/liquibase/changelog/2022/01/12-020-0da509e2.xml::2::flying-club-journal ran successfully in 613ms
2022-01-12 18:56:22.168  INFO 16432 --- [    Test worker] liquibase.changelog                      : Index IDX_FIGHTACCOUNTING dropped from table FIGHT_ACCOUNTING
2022-01-12 18:56:22.373  INFO 16432 --- [    Test worker] liquibase.changelog                      : ChangeSet org/palestiner/flyingclubjournal/liquibase/changelog/2022/01/12-020-0da509e2.xml::3::flying-club-journal ran successfully in 613ms
2022-01-12 18:56:23.192  INFO 16432 --- [    Test worker] liquibase.changelog                      : Index IDX_FIGHTACCOUNTING created
2022-01-12 18:56:23.397  INFO 16432 --- [    Test worker] liquibase.changelog                      : ChangeSet org/palestiner/flyingclubjournal/liquibase/changelog/2022/01/12-020-0da509e2.xml::4::flying-club-journal ran successfully in 614ms
2022-01-12 18:56:24.120  INFO 16432 --- [    Test worker] liquibase.changelog                      : Columns TOTAL(DOUBLE) added to MONEY_ACCOUNTING
2022-01-12 18:56:24.227  INFO 16432 --- [    Test worker] liquibase.changelog                      : ChangeSet org/palestiner/flyingclubjournal/liquibase/changelog/2022/01/12-030-0da509e2.xml::1::flying-club-journal ran successfully in 420ms
2022-01-12 18:56:25.240  INFO 16432 --- [    Test worker] liquibase.lockservice                    : Successfully released change log lock
2022-01-12 18:56:26.271  INFO 16432 --- [    Test worker] i.j.c.i.s.JmixModulesClasspathScanner    : Classpath scan completed in 409 ms
2022-01-12 18:56:26.882  INFO 16432 --- [    Test worker] io.jmix.core.impl.MetadataLoader         : Metadata initialized in 279 ms
2022-01-12 18:56:27.682  INFO 16432 --- [    Test worker] o.s.o.j.p.PersistenceUnitReader          : persistence.xml should be located inside META-INF directory; cannot determine persistence unit root URL for class path resource [org/palestiner/flyingclubjournal/persistence.xml]
2022-01-12 18:56:28.903  INFO 16432 --- [    Test worker] i.j.d.impl.JmixEntityManagerFactoryBean  : Initialized JPA EntityManagerFactory for persistence unit 'main'
2022-01-12 18:56:33.853  INFO 16432 --- [    Test worker] i.j.a.u.v.JmixVaadinServletConfiguration : Servlet will be mapped to URLs [/vaadinServlet/*, /VAADIN/*]
2022-01-12 18:56:33.900  INFO 16432 --- [    Test worker] i.j.a.u.v.JmixVaadinServletConfiguration : Set servlet init parameter [productionMode] = [false]
2022-01-12 18:56:33.900  INFO 16432 --- [    Test worker] i.j.a.u.v.JmixVaadinServletConfiguration : Set servlet init parameter [resourceCacheTime] = [3600]
2022-01-12 18:56:33.900  INFO 16432 --- [    Test worker] i.j.a.u.v.JmixVaadinServletConfiguration : Set servlet init parameter [heartbeatInterval] = [300]
2022-01-12 18:56:33.900  INFO 16432 --- [    Test worker] i.j.a.u.v.JmixVaadinServletConfiguration : Set servlet init parameter [closeIdleSessions] = [false]
2022-01-12 18:56:35.040  INFO 16432 --- [    Test worker] o.s.s.web.DefaultSecurityFilterChain     : Will secure Or [Ant [pattern='/**']] with [org.springframework.security.web.context.request.async.WebAsyncManagerIntegrationFilter@22ab40c1, org.springframework.security.web.context.SecurityContextPersistenceFilter@40c0151a, org.springframework.security.web.header.HeaderWriterFilter@6178b3bf, org.springframework.security.web.authentication.logout.LogoutFilter@75fa16cc, org.springframework.security.web.session.ConcurrentSessionFilter@b7a2b89, org.springframework.security.web.savedrequest.RequestCacheAwareFilter@2219d6d8, org.springframework.security.web.servletapi.SecurityContextHolderAwareRequestFilter@3fd7be2d, org.springframework.security.web.authentication.rememberme.RememberMeAuthenticationFilter@1fd18007, org.springframework.security.web.authentication.AnonymousAuthenticationFilter@2c492b03, org.springframework.security.web.session.SessionManagementFilter@2583418c, org.springframework.security.web.access.ExceptionTranslationFilter@1fd2716f, org.springframework.security.web.access.intercept.FilterSecurityInterceptor@3eacf08e]
2022-01-12 18:56:35.219  INFO 16432 --- [    Test worker] i.j.a.u.v.JmixVaadinServletConfiguration : Forwarding @SpringUI URLs from {/=org.springframework.web.servlet.mvc.ServletForwardingController@3d62648d}
2022-01-12 18:56:35.933  INFO 16432 --- [    Test worker] io.jmix.ui.sys.WebJarResourceResolver    : Loaded 376 WebJAR paths in 14 ms
2022-01-12 18:56:36.085  INFO 16432 --- [    Test worker] o.p.f.FlyingClubJournalApplicationTests  : Started FlyingClubJournalApplicationTests in 43.906 seconds (JVM running for 46.278)
2022-01-12 18:56:36.086  INFO 16432 --- [    Test worker] o.p.f.FlyingClubJournalApplication       : Application started at http://localhost:null
]]></system-out>
  <system-err><![CDATA[]]></system-err>
</testsuite>
